\BOOKMARK [1][-]{section.1}{Introduction}{}% 1
\BOOKMARK [2][-]{subsection.1.1}{Motivation}{section.1}% 2
\BOOKMARK [3][-]{subsubsection.1.1.1}{Relevance of Amphoras}{subsection.1.1}% 3
\BOOKMARK [3][-]{subsubsection.1.1.2}{Computer Vision for Underwater Archaeology}{subsection.1.1}% 4
\BOOKMARK [2][-]{subsection.1.2}{Deep Learning}{section.1}% 5
\BOOKMARK [3][-]{subsubsection.1.2.1}{Artifical Neural Networks \(ANNs\)}{subsection.1.2}% 6
\BOOKMARK [3][-]{subsubsection.1.2.2}{Convolutional Neural Networks \(CNNs\)}{subsection.1.2}% 7
\BOOKMARK [2][-]{subsection.1.3}{Deep Learning vs. Traditional Computer Vision}{section.1}% 8
\BOOKMARK [2][-]{subsection.1.4}{Object Detection}{section.1}% 9
\BOOKMARK [3][-]{subsubsection.1.4.1}{General Object Detection Framework Components}{subsection.1.4}% 10
\BOOKMARK [3][-]{subsubsection.1.4.2}{Region-Based Convolutional Neural Networks \(R-CNN\)}{subsection.1.4}% 11
\BOOKMARK [3][-]{subsubsection.1.4.3}{Single Shot Detector \(SSD\)}{subsection.1.4}% 12
\BOOKMARK [3][-]{subsubsection.1.4.4}{You Only Look Once \(YOLO\)}{subsection.1.4}% 13
\BOOKMARK [1][-]{section.2}{Related Work}{}% 14
\BOOKMARK [1][-]{section.3}{Data and Methods}{}% 15
\BOOKMARK [2][-]{subsection.3.1}{Data}{section.3}% 16
\BOOKMARK [2][-]{subsection.3.2}{Model}{section.3}% 17
\BOOKMARK [2][-]{subsection.3.3}{Model Training}{section.3}% 18
\BOOKMARK [1][-]{section.4}{Evaluation}{}% 19
\BOOKMARK [2][-]{subsection.4.1}{Visual Evaluation}{section.4}% 20
\BOOKMARK [2][-]{subsection.4.2}{Metric Evaluation}{section.4}% 21
\BOOKMARK [1][-]{section.5}{Conclusions}{}% 22
\BOOKMARK [1][-]{section.6}{Future Work}{}% 23
