This is pdfTeX, Version 3.14159265-2.6-1.40.19 (TeX Live 2018) (preloaded format=pdflatex 2018.9.6)  5 MAY 2021 22:47
entering extended mode
 \write18 enabled.
 file:line:error style messages enabled.
 %&-line parsing enabled.
**"/Users/tillchen/Google Drive/JUB/thesis/thesis/Tianyao_Chen_bachelor_thesis.tex"
(/Users/tillchen/Google Drive/JUB/thesis/thesis/Tianyao_Chen_bachelor_thesis.tex
LaTeX2e <2018-04-01> patch level 2
Babel <3.18> and hyphenation patterns for 84 language(s) loaded.
(/usr/local/texlive/2018/texmf-dist/tex/latex/base/article.cls
Document Class: article 2014/09/29 v1.4h Standard LaTeX document class
(/usr/local/texlive/2018/texmf-dist/tex/latex/base/size11.clo
File: size11.clo 2014/09/29 v1.4h Standard LaTeX file (size option)
)
\c@part=\count80
\c@section=\count81
\c@subsection=\count82
\c@subsubsection=\count83
\c@paragraph=\count84
\c@subparagraph=\count85
\c@figure=\count86
\c@table=\count87
\abovecaptionskip=\skip41
\belowcaptionskip=\skip42
\bibindent=\dimen102
) (/usr/local/texlive/2018/texmf-dist/tex/latex/base/inputenc.sty
Package: inputenc 2018/04/06 v1.3b Input encoding file
\inpenc@prehook=\toks14
\inpenc@posthook=\toks15
) (/usr/local/texlive/2018/texmf-dist/tex/latex/geometry/geometry.sty
Package: geometry 2018/03/24 v5.7 Page Geometry
 (/usr/local/texlive/2018/texmf-dist/tex/latex/graphics/keyval.sty
Package: keyval 2014/10/28 v1.15 key=value parser (DPC)
\KV@toks@=\toks16
) (/usr/local/texlive/2018/texmf-dist/tex/generic/oberdiek/ifpdf.sty
Package: ifpdf 2017/03/15 v3.2 Provides the ifpdf switch
) (/usr/local/texlive/2018/texmf-dist/tex/generic/oberdiek/ifvtex.sty
Package: ifvtex 2016/05/16 v1.6 Detect VTeX and its facilities (HO)
Package ifvtex Info: VTeX not detected.
) (/usr/local/texlive/2018/texmf-dist/tex/generic/ifxetex/ifxetex.sty
Package: ifxetex 2010/09/12 v0.6 Provides ifxetex conditional
)
\Gm@cnth=\count88
\Gm@cntv=\count89
\c@Gm@tempcnt=\count90
\Gm@bindingoffset=\dimen103
\Gm@wd@mp=\dimen104
\Gm@odd@mp=\dimen105
\Gm@even@mp=\dimen106
\Gm@layoutwidth=\dimen107
\Gm@layoutheight=\dimen108
\Gm@layouthoffset=\dimen109
\Gm@layoutvoffset=\dimen110
\Gm@dimlist=\toks17
) (/usr/local/texlive/2018/texmf-dist/tex/latex/psnfss/helvet.sty
Package: helvet 2005/04/12 PSNFSS-v9.2a (WaS) 
) (/usr/local/texlive/2018/texmf-dist/tex/generic/babel/babel.sty
Package: babel 2018/02/14 3.18 The Babel package
 (/usr/local/texlive/2018/texmf-dist/tex/generic/babel/switch.def
File: switch.def 2018/02/14 3.18 Babel switching mechanism
) (/usr/local/texlive/2018/texmf-dist/tex/generic/babel-english/english.ldf
Language: english 2017/06/06 v3.3r English support from the babel system
 (/usr/local/texlive/2018/texmf-dist/tex/generic/babel/babel.def
File: babel.def 2018/02/14 3.18 Babel common definitions
\babel@savecnt=\count91
\U@D=\dimen111
 (/usr/local/texlive/2018/texmf-dist/tex/generic/babel/txtbabel.def)
\bbl@dirlevel=\count92
)
\l@canadian = a dialect from \language\l@american 
\l@australian = a dialect from \language\l@british 
\l@newzealand = a dialect from \language\l@british 
)) (/usr/local/texlive/2018/texmf-dist/tex/latex/biblatex/biblatex.sty
Package: biblatex 2018/03/04 v3.11 programmable bibliographies (PK/MW)
 (/usr/local/texlive/2018/texmf-dist/tex/generic/oberdiek/pdftexcmds.sty
Package: pdftexcmds 2018/01/30 v0.27 Utility functions of pdfTeX for LuaTeX (HO)
 (/usr/local/texlive/2018/texmf-dist/tex/generic/oberdiek/infwarerr.sty
Package: infwarerr 2016/05/16 v1.4 Providing info/warning/error messages (HO)
) (/usr/local/texlive/2018/texmf-dist/tex/generic/oberdiek/ifluatex.sty
Package: ifluatex 2016/05/16 v1.4 Provides the ifluatex switch (HO)
Package ifluatex Info: LuaTeX not detected.
) (/usr/local/texlive/2018/texmf-dist/tex/generic/oberdiek/ltxcmds.sty
Package: ltxcmds 2016/05/16 v1.23 LaTeX kernel commands for general use (HO)
)
Package pdftexcmds Info: LuaTeX not detected.
Package pdftexcmds Info: \pdf@primitive is available.
Package pdftexcmds Info: \pdf@ifprimitive is available.
Package pdftexcmds Info: \pdfdraftmode found.
) (/usr/local/texlive/2018/texmf-dist/tex/latex/etoolbox/etoolbox.sty
Package: etoolbox 2018/02/11 v2.5e e-TeX tools for LaTeX (JAW)
\etb@tempcnta=\count93
) (/usr/local/texlive/2018/texmf-dist/tex/latex/oberdiek/kvoptions.sty
Package: kvoptions 2016/05/16 v3.12 Key value format for package options (HO)
 (/usr/local/texlive/2018/texmf-dist/tex/generic/oberdiek/kvsetkeys.sty
Package: kvsetkeys 2016/05/16 v1.17 Key value parser (HO)
 (/usr/local/texlive/2018/texmf-dist/tex/generic/oberdiek/etexcmds.sty
Package: etexcmds 2016/05/16 v1.6 Avoid name clashes with e-TeX commands (HO)
Package etexcmds Info: Could not find \expanded.
(etexcmds)             That can mean that you are not using pdfTeX 1.50 or
(etexcmds)             that some package has redefined \expanded.
(etexcmds)             In the latter case, load this package earlier.
))) (/usr/local/texlive/2018/texmf-dist/tex/latex/logreq/logreq.sty
Package: logreq 2010/08/04 v1.0 xml request logger
\lrq@indent=\count94
 (/usr/local/texlive/2018/texmf-dist/tex/latex/logreq/logreq.def
File: logreq.def 2010/08/04 v1.0 logreq spec v1.0
)) (/usr/local/texlive/2018/texmf-dist/tex/latex/base/ifthen.sty
Package: ifthen 2014/09/29 v1.1c Standard LaTeX ifthen package (DPC)
) (/usr/local/texlive/2018/texmf-dist/tex/latex/url/url.sty
\Urlmuskip=\muskip10
Package: url 2013/09/16  ver 3.4  Verb mode for urls, etc.
) (/usr/local/texlive/2018/texmf-dist/tex/generic/xstring/xstring.sty (/usr/local/texlive/2018/texmf-dist/tex/generic/xstring/xstring.tex
\@xs@message=\write3
\integerpart=\count95
\decimalpart=\count96
)
Package: xstring 2013/10/13  v1.7c  String manipulations (C Tellechea)
)
\c@tabx@nest=\count97
\c@listtotal=\count98
\c@listcount=\count99
\c@liststart=\count100
\c@liststop=\count101
\c@citecount=\count102
\c@citetotal=\count103
\c@multicitecount=\count104
\c@multicitetotal=\count105
\c@instcount=\count106
\c@maxnames=\count107
\c@minnames=\count108
\c@maxitems=\count109
\c@minitems=\count110
\c@citecounter=\count111
\c@savedcitecounter=\count112
\c@uniquelist=\count113
\c@uniquename=\count114
\c@refsection=\count115
\c@refsegment=\count116
\c@maxextratitle=\count117
\c@maxextratitleyear=\count118
\c@maxextradate=\count119
\c@maxextraalpha=\count120
\c@abbrvpenalty=\count121
\c@highnamepenalty=\count122
\c@lownamepenalty=\count123
\c@maxparens=\count124
\c@parenlevel=\count125
\blx@tempcnta=\count126
\blx@tempcntb=\count127
\blx@tempcntc=\count128
\blx@maxsection=\count129
\blx@maxsegment@0=\count130
\blx@notetype=\count131
\blx@parenlevel@text=\count132
\blx@parenlevel@foot=\count133
\blx@sectionciteorder@0=\count134
\labelnumberwidth=\skip43
\labelalphawidth=\skip44
\biblabelsep=\skip45
\bibitemsep=\skip46
\bibnamesep=\skip47
\bibinitsep=\skip48
\bibparsep=\skip49
\bibhang=\skip50
\blx@bcfin=\read1
\blx@bcfout=\write4
\c@mincomprange=\count135
\c@maxcomprange=\count136
\c@mincompwidth=\count137
Package biblatex Info: Trying to load biblatex default data model...
Package biblatex Info: ... file 'blx-dm.def' found.
 (/usr/local/texlive/2018/texmf-dist/tex/latex/biblatex/blx-dm.def
File: blx-dm.def 2018/03/04 v3.11 biblatex localization (PK/MW)
)
Package biblatex Info: Trying to load biblatex style data model...
Package biblatex Info: ... file 'numeric.dbx' not found.
Package biblatex Info: Trying to load biblatex custom data model...
Package biblatex Info: ... file 'biblatex-dm.cfg' not found.
\c@afterword=\count138
\c@savedafterword=\count139
\c@annotator=\count140
\c@savedannotator=\count141
\c@author=\count142
\c@savedauthor=\count143
\c@bookauthor=\count144
\c@savedbookauthor=\count145
\c@commentator=\count146
\c@savedcommentator=\count147
\c@editor=\count148
\c@savededitor=\count149
\c@editora=\count150
\c@savededitora=\count151
\c@editorb=\count152
\c@savededitorb=\count153
\c@editorc=\count154
\c@savededitorc=\count155
\c@foreword=\count156
\c@savedforeword=\count157
\c@holder=\count158
\c@savedholder=\count159
\c@introduction=\count160
\c@savedintroduction=\count161
\c@namea=\count162
\c@savednamea=\count163
\c@nameb=\count164
\c@savednameb=\count165
\c@namec=\count166
\c@savednamec=\count167
\c@translator=\count168
\c@savedtranslator=\count169
\c@shortauthor=\count170
\c@savedshortauthor=\count171
\c@shorteditor=\count172
\c@savedshorteditor=\count173
\c@labelname=\count174
\c@savedlabelname=\count175
\c@institution=\count176
\c@savedinstitution=\count177
\c@lista=\count178
\c@savedlista=\count179
\c@listb=\count180
\c@savedlistb=\count181
\c@listc=\count182
\c@savedlistc=\count183
\c@listd=\count184
\c@savedlistd=\count185
\c@liste=\count186
\c@savedliste=\count187
\c@listf=\count188
\c@savedlistf=\count189
\c@location=\count190
\c@savedlocation=\count191
\c@organization=\count192
\c@savedorganization=\count193
\c@origlocation=\count194
\c@savedoriglocation=\count195
\c@origpublisher=\count196
\c@savedorigpublisher=\count197
\c@publisher=\count198
\c@savedpublisher=\count199
\c@language=\count266
\c@savedlanguage=\count267
\c@origlanguage=\count268
\c@savedoriglanguage=\count269
\c@pageref=\count270
\c@savedpageref=\count271
\shorthandwidth=\skip51
\shortjournalwidth=\skip52
\shortserieswidth=\skip53
\shorttitlewidth=\skip54
\shortauthorwidth=\skip55
\shorteditorwidth=\skip56
\locallabelnumberwidth=\skip57
\locallabelalphawidth=\skip58
\localshorthandwidth=\skip59
\localshortjournalwidth=\skip60
\localshortserieswidth=\skip61
\localshorttitlewidth=\skip62
\localshortauthorwidth=\skip63
\localshorteditorwidth=\skip64
Package biblatex Info: Trying to load compatibility code...
Package biblatex Info: ... file 'blx-compat.def' found.
 (/usr/local/texlive/2018/texmf-dist/tex/latex/biblatex/blx-compat.def
File: blx-compat.def 2018/03/04 v3.11 biblatex compatibility (PK/MW)
)
Package biblatex Info: Trying to load generic definitions...
Package biblatex Info: ... file 'biblatex.def' found.
 (/usr/local/texlive/2018/texmf-dist/tex/latex/biblatex/biblatex.def
File: biblatex.def 2018/03/04 v3.11 biblatex compatibility (PK/MW)
\c@textcitecount=\count272
\c@textcitetotal=\count273
\c@textcitemaxnames=\count274
\c@biburlnumpenalty=\count275
\c@biburlucpenalty=\count276
\c@biburllcpenalty=\count277
\c@smartand=\count278
)
Package biblatex Info: Trying to load bibliography style 'numeric'...
Package biblatex Info: ... file 'numeric.bbx' found.
 (/usr/local/texlive/2018/texmf-dist/tex/latex/biblatex/bbx/numeric.bbx
File: numeric.bbx 2018/03/04 v3.11 biblatex bibliography style (PK/MW)
Package biblatex Info: Trying to load bibliography style 'standard'...
Package biblatex Info: ... file 'standard.bbx' found.
 (/usr/local/texlive/2018/texmf-dist/tex/latex/biblatex/bbx/standard.bbx
File: standard.bbx 2018/03/04 v3.11 biblatex bibliography style (PK/MW)
\c@bbx:relatedcount=\count279
\c@bbx:relatedtotal=\count280
))
Package biblatex Info: Trying to load citation style 'numeric'...
Package biblatex Info: ... file 'numeric.cbx' found.
 (/usr/local/texlive/2018/texmf-dist/tex/latex/biblatex/cbx/numeric.cbx
File: numeric.cbx 2018/03/04 v3.11 biblatex citation style (PK/MW)
Package biblatex Info: Redefining '\cite'.
Package biblatex Info: Redefining '\parencite'.
Package biblatex Info: Redefining '\footcite'.
Package biblatex Info: Redefining '\footcitetext'.
Package biblatex Info: Redefining '\smartcite'.
Package biblatex Info: Redefining '\supercite'.
Package biblatex Info: Redefining '\textcite'.
Package biblatex Info: Redefining '\textcites'.
Package biblatex Info: Redefining '\cites'.
Package biblatex Info: Redefining '\parencites'.
Package biblatex Info: Redefining '\smartcites'.
)
Package biblatex Info: Trying to load configuration file...
Package biblatex Info: ... file 'biblatex.cfg' found.
 (/usr/local/texlive/2018/texmf-dist/tex/latex/biblatex/biblatex.cfg
File: biblatex.cfg 
)) (/usr/local/texlive/2018/texmf-dist/tex/latex/parskip/parskip.sty
Package: parskip 2001/04/09 non-zero parskip adjustments
) (/usr/local/texlive/2018/texmf-dist/tex/latex/caption/caption.sty
Package: caption 2016/02/21 v3.3-144 Customizing captions (AR)
 (/usr/local/texlive/2018/texmf-dist/tex/latex/caption/caption3.sty
Package: caption3 2016/05/22 v1.7-166 caption3 kernel (AR)
Package caption3 Info: TeX engine: e-TeX on input line 67.
\captionmargin=\dimen112
\captionmargin@=\dimen113
\captionwidth=\dimen114
\caption@tempdima=\dimen115
\caption@indent=\dimen116
\caption@parindent=\dimen117
\caption@hangindent=\dimen118
)
\c@ContinuedFloat=\count281
) (/usr/local/texlive/2018/texmf-dist/tex/latex/caption/subcaption.sty
Package: subcaption 2016/05/22 v1.1-161 Sub-captions (AR)
\c@subfigure=\count282
\c@subtable=\count283
) (/usr/local/texlive/2018/texmf-dist/tex/latex/graphics/graphicx.sty
Package: graphicx 2017/06/01 v1.1a Enhanced LaTeX Graphics (DPC,SPQR)
 (/usr/local/texlive/2018/texmf-dist/tex/latex/graphics/graphics.sty
Package: graphics 2017/06/25 v1.2c Standard LaTeX Graphics (DPC,SPQR)
 (/usr/local/texlive/2018/texmf-dist/tex/latex/graphics/trig.sty
Package: trig 2016/01/03 v1.10 sin cos tan (DPC)
) (/usr/local/texlive/2018/texmf-dist/tex/latex/graphics-cfg/graphics.cfg
File: graphics.cfg 2016/06/04 v1.11 sample graphics configuration
)
Package graphics Info: Driver file: pdftex.def on input line 99.
 (/usr/local/texlive/2018/texmf-dist/tex/latex/graphics-def/pdftex.def
File: pdftex.def 2018/01/08 v1.0l Graphics/color driver for pdftex
))
\Gin@req@height=\dimen119
\Gin@req@width=\dimen120
) (/usr/local/texlive/2018/texmf-dist/tex/latex/hyperref/hyperref.sty
Package: hyperref 2018/02/06 v6.86b Hypertext links for LaTeX
 (/usr/local/texlive/2018/texmf-dist/tex/generic/oberdiek/hobsub-hyperref.sty
Package: hobsub-hyperref 2016/05/16 v1.14 Bundle oberdiek, subset hyperref (HO)
 (/usr/local/texlive/2018/texmf-dist/tex/generic/oberdiek/hobsub-generic.sty
Package: hobsub-generic 2016/05/16 v1.14 Bundle oberdiek, subset generic (HO)
Package: hobsub 2016/05/16 v1.14 Construct package bundles (HO)
Package hobsub Info: Skipping package `infwarerr' (already loaded).
Package hobsub Info: Skipping package `ltxcmds' (already loaded).
Package hobsub Info: Skipping package `ifluatex' (already loaded).
Package hobsub Info: Skipping package `ifvtex' (already loaded).
Package: intcalc 2016/05/16 v1.2 Expandable calculations with integers (HO)
Package hobsub Info: Skipping package `ifpdf' (already loaded).
Package hobsub Info: Skipping package `etexcmds' (already loaded).
Package hobsub Info: Skipping package `kvsetkeys' (already loaded).
Package: kvdefinekeys 2016/05/16 v1.4 Define keys (HO)
Package hobsub Info: Skipping package `pdftexcmds' (already loaded).
Package: pdfescape 2016/05/16 v1.14 Implements pdfTeX's escape features (HO)
Package: bigintcalc 2016/05/16 v1.4 Expandable calculations on big integers (HO)
Package: bitset 2016/05/16 v1.2 Handle bit-vector datatype (HO)
Package: uniquecounter 2016/05/16 v1.3 Provide unlimited unique counter (HO)
)
Package hobsub Info: Skipping package `hobsub' (already loaded).
Package: letltxmacro 2016/05/16 v1.5 Let assignment for LaTeX macros (HO)
Package: hopatch 2016/05/16 v1.3 Wrapper for package hooks (HO)
Package: xcolor-patch 2016/05/16 xcolor patch
Package: atveryend 2016/05/16 v1.9 Hooks at the very end of document (HO)
Package: atbegshi 2016/06/09 v1.18 At begin shipout hook (HO)
Package: refcount 2016/05/16 v3.5 Data extraction from label references (HO)
Package: hycolor 2016/05/16 v1.8 Color options for hyperref/bookmark (HO)
) (/usr/local/texlive/2018/texmf-dist/tex/latex/oberdiek/auxhook.sty
Package: auxhook 2016/05/16 v1.4 Hooks for auxiliary files (HO)
)
\@linkdim=\dimen121
\Hy@linkcounter=\count284
\Hy@pagecounter=\count285
 (/usr/local/texlive/2018/texmf-dist/tex/latex/hyperref/pd1enc.def
File: pd1enc.def 2018/02/06 v6.86b Hyperref: PDFDocEncoding definition (HO)
Now handling font encoding PD1 ...
... no UTF-8 mapping file for font encoding PD1
)
\Hy@SavedSpaceFactor=\count286
 (/usr/local/texlive/2018/texmf-dist/tex/latex/latexconfig/hyperref.cfg
File: hyperref.cfg 2002/06/06 v1.2 hyperref configuration of TeXLive
)
Package hyperref Info: Hyper figures OFF on input line 4509.
Package hyperref Info: Link nesting OFF on input line 4514.
Package hyperref Info: Hyper index ON on input line 4517.
Package hyperref Info: Plain pages OFF on input line 4524.
Package hyperref Info: Backreferencing OFF on input line 4529.
Package hyperref Info: Implicit mode ON; LaTeX internals redefined.
Package hyperref Info: Bookmarks ON on input line 4762.
\c@Hy@tempcnt=\count287
LaTeX Info: Redefining \url on input line 5115.
\XeTeXLinkMargin=\dimen122
\Fld@menulength=\count288
\Field@Width=\dimen123
\Fld@charsize=\dimen124
Package hyperref Info: Hyper figures OFF on input line 6369.
Package hyperref Info: Link nesting OFF on input line 6374.
Package hyperref Info: Hyper index ON on input line 6377.
Package hyperref Info: backreferencing OFF on input line 6384.
Package hyperref Info: Link coloring OFF on input line 6389.
Package hyperref Info: Link coloring with OCG OFF on input line 6394.
Package hyperref Info: PDF/A mode OFF on input line 6399.
LaTeX Info: Redefining \ref on input line 6439.
LaTeX Info: Redefining \pageref on input line 6443.
\Hy@abspage=\count289
\c@Item=\count290
\c@Hfootnote=\count291
)
Package hyperref Info: Driver: hpdftex.
 (/usr/local/texlive/2018/texmf-dist/tex/latex/hyperref/hpdftex.def
File: hpdftex.def 2018/02/06 v6.86b Hyperref driver for pdfTeX
\Fld@listcount=\count292
\c@bookmark@seq@number=\count293
 (/usr/local/texlive/2018/texmf-dist/tex/latex/oberdiek/rerunfilecheck.sty
Package: rerunfilecheck 2016/05/16 v1.8 Rerun checks for auxiliary files (HO)
Package uniquecounter Info: New unique counter `rerunfilecheck' on input line 282.
)
\Hy@SectionHShift=\skip65
) (/usr/local/texlive/2018/texmf-dist/tex/latex/amsmath/amsmath.sty
Package: amsmath 2017/09/02 v2.17a AMS math features
\@mathmargin=\skip66

For additional information on amsmath, use the `?' option.
(/usr/local/texlive/2018/texmf-dist/tex/latex/amsmath/amstext.sty
Package: amstext 2000/06/29 v2.01 AMS text
 (/usr/local/texlive/2018/texmf-dist/tex/latex/amsmath/amsgen.sty
File: amsgen.sty 1999/11/30 v2.0 generic functions
\@emptytoks=\toks18
\ex@=\dimen125
)) (/usr/local/texlive/2018/texmf-dist/tex/latex/amsmath/amsbsy.sty
Package: amsbsy 1999/11/29 v1.2d Bold Symbols
\pmbraise@=\dimen126
) (/usr/local/texlive/2018/texmf-dist/tex/latex/amsmath/amsopn.sty
Package: amsopn 2016/03/08 v2.02 operator names
)
\inf@bad=\count294
LaTeX Info: Redefining \frac on input line 213.
\uproot@=\count295
\leftroot@=\count296
LaTeX Info: Redefining \overline on input line 375.
\classnum@=\count297
\DOTSCASE@=\count298
LaTeX Info: Redefining \ldots on input line 472.
LaTeX Info: Redefining \dots on input line 475.
LaTeX Info: Redefining \cdots on input line 596.
\Mathstrutbox@=\box26
\strutbox@=\box27
\big@size=\dimen127
LaTeX Font Info:    Redeclaring font encoding OML on input line 712.
LaTeX Font Info:    Redeclaring font encoding OMS on input line 713.
\macc@depth=\count299
\c@MaxMatrixCols=\count300
\dotsspace@=\muskip11
\c@parentequation=\count301
\dspbrk@lvl=\count302
\tag@help=\toks19
\row@=\count303
\column@=\count304
\maxfields@=\count305
\andhelp@=\toks20
\eqnshift@=\dimen128
\alignsep@=\dimen129
\tagshift@=\dimen130
\tagwidth@=\dimen131
\totwidth@=\dimen132
\lineht@=\dimen133
\@envbody=\toks21
\multlinegap=\skip67
\multlinetaggap=\skip68
\mathdisplay@stack=\toks22
LaTeX Info: Redefining \[ on input line 2817.
LaTeX Info: Redefining \] on input line 2818.
)
Package hyperref Info: Option `colorlinks' set `true' on input line 28.
Package biblatex Info: Trying to load language 'english'...
Package biblatex Info: ... file 'english.lbx' found.
 (/usr/local/texlive/2018/texmf-dist/tex/latex/biblatex/lbx/english.lbx
File: english.lbx 2018/03/04 v3.11 biblatex localization (PK/MW)
)

Package biblatex Warning: 'babel/polyglossia' detected but 'csquotes' missing.
(biblatex)                Loading 'csquotes' recommended.

\@quotelevel=\count306
\@quotereset=\count307
(/Users/tillchen/Google Drive/JUB/thesis/thesis/Tianyao_Chen_bachelor_thesis.aux)
\openout1 = `Tianyao_Chen_bachelor_thesis.aux'.

LaTeX Font Info:    Checking defaults for OML/cmm/m/it on input line 32.
LaTeX Font Info:    ... okay on input line 32.
LaTeX Font Info:    Checking defaults for T1/cmr/m/n on input line 32.
LaTeX Font Info:    ... okay on input line 32.
LaTeX Font Info:    Checking defaults for OT1/cmr/m/n on input line 32.
LaTeX Font Info:    ... okay on input line 32.
LaTeX Font Info:    Checking defaults for OMS/cmsy/m/n on input line 32.
LaTeX Font Info:    ... okay on input line 32.
LaTeX Font Info:    Checking defaults for OMX/cmex/m/n on input line 32.
LaTeX Font Info:    ... okay on input line 32.
LaTeX Font Info:    Checking defaults for U/cmr/m/n on input line 32.
LaTeX Font Info:    ... okay on input line 32.
LaTeX Font Info:    Checking defaults for PD1/pdf/m/n on input line 32.
LaTeX Font Info:    ... okay on input line 32.
LaTeX Font Info:    Try loading font information for OT1+phv on input line 32.
 (/usr/local/texlive/2018/texmf-dist/tex/latex/psnfss/ot1phv.fd
File: ot1phv.fd 2001/06/04 scalable font definitions for OT1/phv.
)
*geometry* driver: auto-detecting
*geometry* detected driver: pdftex
*geometry* verbose mode - [ preamble ] result:
* driver: pdftex
* paper: a4paper
* layout: <same size as paper>
* layoutoffset:(h,v)=(0.0pt,0.0pt)
* modes: 
* h-part:(L,W,R)=(85.35826pt, 426.79135pt, 85.35826pt)
* v-part:(T,H,B)=(85.35826pt, 674.33032pt, 85.35826pt)
* \paperwidth=597.50787pt
* \paperheight=845.04684pt
* \textwidth=426.79135pt
* \textheight=674.33032pt
* \oddsidemargin=13.08827pt
* \evensidemargin=13.08827pt
* \topmargin=-23.91173pt
* \headheight=12.0pt
* \headsep=25.0pt
* \topskip=11.0pt
* \footskip=30.0pt
* \marginparwidth=50.0pt
* \marginparsep=10.0pt
* \columnsep=10.0pt
* \skip\footins=10.0pt plus 4.0pt minus 2.0pt
* \hoffset=0.0pt
* \voffset=0.0pt
* \mag=1000
* \@twocolumnfalse
* \@twosidefalse
* \@mparswitchfalse
* \@reversemarginfalse
* (1in=72.27pt=25.4mm, 1cm=28.453pt)

Package biblatex Info: Input encoding 'utf8' detected.
Package biblatex Info: Automatic encoding selection.
(biblatex)             Assuming data encoding 'utf8'.
\openout4 = `Tianyao_Chen_bachelor_thesis.bcf'.

Package biblatex Info: Trying to load bibliographic data...
Package biblatex Info: ... file 'Tianyao_Chen_bachelor_thesis.bbl' found.
(/Users/tillchen/Google Drive/JUB/thesis/thesis/Tianyao_Chen_bachelor_thesis.bbl)
Package biblatex Info: Reference section=0 on input line 32.
Package biblatex Info: Reference segment=0 on input line 32.
Package caption Info: Begin \AtBeginDocument code.
Package caption Info: hyperref package is loaded.
Package caption Info: End \AtBeginDocument code.
 (/usr/local/texlive/2018/texmf-dist/tex/context/base/mkii/supp-pdf.mkii
[Loading MPS to PDF converter (version 2006.09.02).]
\scratchcounter=\count308
\scratchdimen=\dimen134
\scratchbox=\box28
\nofMPsegments=\count309
\nofMParguments=\count310
\everyMPshowfont=\toks23
\MPscratchCnt=\count311
\MPscratchDim=\dimen135
\MPnumerator=\count312
\makeMPintoPDFobject=\count313
\everyMPtoPDFconversion=\toks24
) (/usr/local/texlive/2018/texmf-dist/tex/latex/oberdiek/epstopdf-base.sty
Package: epstopdf-base 2016/05/15 v2.6 Base part for package epstopdf
 (/usr/local/texlive/2018/texmf-dist/tex/latex/oberdiek/grfext.sty
Package: grfext 2016/05/16 v1.2 Manage graphics extensions (HO)
)
Package epstopdf-base Info: Redefining graphics rule for `.eps' on input line 438.
Package grfext Info: Graphics extension search list:
(grfext)             [.pdf,.png,.jpg,.mps,.jpeg,.jbig2,.jb2,.PDF,.PNG,.JPG,.JPEG,.JBIG2,.JB2,.eps]
(grfext)             \AppendGraphicsExtensions on input line 456.
 (/usr/local/texlive/2018/texmf-dist/tex/latex/latexconfig/epstopdf-sys.cfg
File: epstopdf-sys.cfg 2010/07/13 v1.3 Configuration of (r)epstopdf for TeX Live
))
\AtBeginShipoutBox=\box29
 (/usr/local/texlive/2018/texmf-dist/tex/latex/graphics/color.sty
Package: color 2016/07/10 v1.1e Standard LaTeX Color (DPC)
 (/usr/local/texlive/2018/texmf-dist/tex/latex/graphics-cfg/color.cfg
File: color.cfg 2016/01/02 v1.6 sample color configuration
)
Package color Info: Driver file: pdftex.def on input line 147.
)
Package hyperref Info: Link coloring ON on input line 32.
 (/usr/local/texlive/2018/texmf-dist/tex/latex/hyperref/nameref.sty
Package: nameref 2016/05/21 v2.44 Cross-referencing by name of section
 (/usr/local/texlive/2018/texmf-dist/tex/generic/oberdiek/gettitlestring.sty
Package: gettitlestring 2016/05/16 v1.5 Cleanup title references (HO)
)
\c@section@level=\count314
)
LaTeX Info: Redefining \ref on input line 32.
LaTeX Info: Redefining \pageref on input line 32.
LaTeX Info: Redefining \nameref on input line 32.
 (/Users/tillchen/Google Drive/JUB/thesis/thesis/Tianyao_Chen_bachelor_thesis.out) (/Users/tillchen/Google Drive/JUB/thesis/thesis/Tianyao_Chen_bachelor_thesis.out)
\@outlinefile=\write5
\openout5 = `Tianyao_Chen_bachelor_thesis.out'.

<bsc-logo.pdf, id=84, 233.87375pt x 84.315pt>
File: bsc-logo.pdf Graphic file (type pdf)
<use bsc-logo.pdf>
Package pdftex.def Info: bsc-logo.pdf  used on input line 38.
(pdftex.def)             Requested size: 187.09923pt x 67.45207pt.
LaTeX Font Info:    Font shape `OT1/phv/bx/n' in size <20.74> not available
(Font)              Font shape `OT1/phv/b/n' tried instead on input line 43.
LaTeX Font Info:    Font shape `OT1/phv/bx/n' in size <17.28> not available
(Font)              Font shape `OT1/phv/b/n' tried instead on input line 52.
 [1

{/usr/local/texlive/2018/texmf-var/fonts/map/pdftex/updmap/pdftex.map} </Users/tillchen/Google Drive/JUB/thesis/thesis/bsc-logo.pdf>]
LaTeX Font Info:    Font shape `OT1/phv/bx/n' in size <12> not available
(Font)              Font shape `OT1/phv/b/n' tried instead on input line 72.
 [2]
LaTeX Font Info:    Font shape `OT1/phv/bx/n' in size <14.4> not available
(Font)              Font shape `OT1/phv/b/n' tried instead on input line 111.
 [3] (/Users/tillchen/Google Drive/JUB/thesis/thesis/Tianyao_Chen_bachelor_thesis.toc
LaTeX Font Info:    Font shape `OT1/phv/bx/n' in size <10.95> not available
(Font)              Font shape `OT1/phv/b/n' tried instead on input line 4.
)
\tf@toc=\write6
\openout6 = `Tianyao_Chen_bachelor_thesis.toc'.

 [4]
LaTeX Font Info:    Font shape `OT1/phv/m/it' in size <10.95> not available
(Font)              Font shape `OT1/phv/m/sl' tried instead on input line 136.
<./images/amphora_stowage_aboard_ship.png, id=155, 493.845pt x 360.34625pt>
File: ./images/amphora_stowage_aboard_ship.png Graphic file (type png)
<use ./images/amphora_stowage_aboard_ship.png>
Package pdftex.def Info: ./images/amphora_stowage_aboard_ship.png  used on input line 151.
(pdftex.def)             Requested size: 256.07741pt x 186.84778pt.
<./images/amphora_various_shapes.jpg, id=160, 491.8375pt x 602.25pt>
File: ./images/amphora_various_shapes.jpg Graphic file (type jpg)
<use ./images/amphora_various_shapes.jpg>
Package pdftex.def Info: ./images/amphora_various_shapes.jpg  used on input line 163.
(pdftex.def)             Requested size: 213.39568pt x 261.2966pt.
 [1

 <./images/amphora_stowage_aboard_ship.png>] [2 <./images/amphora_various_shapes.jpg>]
<./images/deep_learning.png, id=238, 520.94624pt x 398.48875pt>
File: ./images/deep_learning.png Graphic file (type png)
<use ./images/deep_learning.png>
Package pdftex.def Info: ./images/deep_learning.png  used on input line 218.
(pdftex.def)             Requested size: 341.43437pt x 261.17317pt.
<./images/ann_logic_computations.png, id=245, 1444.39626pt x 487.8225pt>
File: ./images/ann_logic_computations.png Graphic file (type png)
<use ./images/ann_logic_computations.png>
Package pdftex.def Info: ./images/ann_logic_computations.png  used on input line 234.
(pdftex.def)             Requested size: 213.39568pt x 72.06856pt.
 [3 <./images/deep_learning.png> <./images/ann_logic_computations.png>]
<./images/tlu.png, id=266, 1117.17375pt x 615.29875pt>
File: ./images/tlu.png Graphic file (type png)
<use ./images/tlu.png>
Package pdftex.def Info: ./images/tlu.png  used on input line 252.
(pdftex.def)             Requested size: 213.39568pt x 117.52762pt.
<./images/mlp.png, id=273, 1305.87875pt x 929.4725pt>
File: ./images/mlp.png Graphic file (type png)
<use ./images/mlp.png>
Package pdftex.def Info: ./images/mlp.png  used on input line 273.
(pdftex.def)             Requested size: 213.39568pt x 151.88135pt.
 [4 <./images/tlu.png> <./images/mlp.png>]
<./images/cnn_layers.png, id=308, 1155.31625pt x 689.57625pt>
File: ./images/cnn_layers.png Graphic file (type png)
<use ./images/cnn_layers.png>
Package pdftex.def Info: ./images/cnn_layers.png  used on input line 307.
(pdftex.def)             Requested size: 213.39568pt x 127.36967pt.
<./images/filters.png, id=313, 1445.4pt x 907.39pt>
File: ./images/filters.png Graphic file (type png)
<use ./images/filters.png>
Package pdftex.def Info: ./images/filters.png  used on input line 320.
(pdftex.def)             Requested size: 256.07741pt x 160.7617pt.
<./images/max_pooling.png, id=318, 1446.40375pt x 603.25375pt>
File: ./images/max_pooling.png Graphic file (type png)
<use ./images/max_pooling.png>
Package pdftex.def Info: ./images/max_pooling.png  used on input line 331.
(pdftex.def)             Requested size: 213.39568pt x 88.99295pt.
 [5 <./images/cnn_layers.png>]
<./images/typical_cnn.png, id=343, 1445.4pt x 346.29375pt>
File: ./images/typical_cnn.png Graphic file (type png)
<use ./images/typical_cnn.png>
Package pdftex.def Info: ./images/typical_cnn.png  used on input line 345.
(pdftex.def)             Requested size: 341.43437pt x 81.80176pt.
<./images/resnet.png, id=353, 1445.4pt x 872.25874pt>
File: ./images/resnet.png Graphic file (type png)
<use ./images/resnet.png>
Package pdftex.def Info: ./images/resnet.png  used on input line 363.
(pdftex.def)             Requested size: 341.43437pt x 206.0456pt.
 [6 <./images/filters.png> <./images/max_pooling.png> <./images/typical_cnn.png>]
<./images/deep_learning_vs_traditional_computer_vision.png, id=389, 1059.96pt x 453.695pt>
File: ./images/deep_learning_vs_traditional_computer_vision.png Graphic file (type png)
<use ./images/deep_learning_vs_traditional_computer_vision.png>
Package pdftex.def Info: ./images/deep_learning_vs_traditional_computer_vision.png  used on input line 390.
(pdftex.def)             Requested size: 298.75264pt x 127.87138pt.
 [7 <./images/resnet.png> <./images/deep_learning_vs_traditional_computer_vision.png>]
<./images/sliding_window.png, id=419, 1330.9725pt x 955.57pt>
File: ./images/sliding_window.png Graphic file (type png)
<use ./images/sliding_window.png>
Package pdftex.def Info: ./images/sliding_window.png  used on input line 419.
(pdftex.def)             Requested size: 213.39568pt x 153.20052pt.
 [8 <./images/sliding_window.png>]
<./images/nms.png, id=460, 522.95375pt x 302.12875pt>
File: ./images/nms.png Graphic file (type png)
<use ./images/nms.png>
Package pdftex.def Info: ./images/nms.png  used on input line 467.
(pdftex.def)             Requested size: 341.43437pt x 197.26189pt.
<./images/iou.png, id=470, 421.575pt x 186.6975pt>
File: ./images/iou.png Graphic file (type png)
<use ./images/iou.png>
Package pdftex.def Info: ./images/iou.png  used on input line 484.
(pdftex.def)             Requested size: 256.07741pt x 113.40671pt.
 [9 <./images/nms.png>]
<./images/precision_recall.png, id=496, 648.4225pt x 319.1925pt>
File: ./images/precision_recall.png Graphic file (type png)
<use ./images/precision_recall.png>
Package pdftex.def Info: ./images/precision_recall.png  used on input line 501.
(pdftex.def)             Requested size: 426.79135pt x 210.09297pt.
<./images/pr_curve.png, id=515, 395.4775pt x 279.0425pt>
File: ./images/pr_curve.png Graphic file (type png)
<use ./images/pr_curve.png>
Package pdftex.def Info: ./images/pr_curve.png  used on input line 520.
(pdftex.def)             Requested size: 213.39568pt x 150.56999pt.
 [10 <./images/iou.png> <./images/precision_recall.png>]
<./images/r_cnn.png, id=534, 584.1825pt x 339.2675pt>
File: ./images/r_cnn.png Graphic file (type png)
<use ./images/r_cnn.png>
Package pdftex.def Info: ./images/r_cnn.png  used on input line 544.
(pdftex.def)             Requested size: 341.43437pt x 198.29726pt.
 [11 <./images/pr_curve.png> <./images/r_cnn.png>]
LaTeX Font Info:    Try loading font information for OMS+phv on input line 552.
 (/usr/local/texlive/2018/texmf-dist/tex/latex/psnfss/omsphv.fd
File: omsphv.fd 
)
LaTeX Font Info:    Font shape `OMS/phv/m/n' in size <10.95> not available
(Font)              Font shape `OMS/cmsy/m/n' tried instead on input line 552.
<./images/fast_r_cnn.png, id=555, 681.54625pt x 474.77374pt>
File: ./images/fast_r_cnn.png Graphic file (type png)
<use ./images/fast_r_cnn.png>
Package pdftex.def Info: ./images/fast_r_cnn.png  used on input line 573.
(pdftex.def)             Requested size: 341.43437pt x 237.84993pt.
 [12 <./images/fast_r_cnn.png>]
<./images/anchors.png, id=571, 609.27625pt x 337.26pt>
File: ./images/anchors.png Graphic file (type png)
<use ./images/anchors.png>
Package pdftex.def Info: ./images/anchors.png  used on input line 598.
(pdftex.def)             Requested size: 341.43437pt x 189.00325pt.
<./images/faster_r_cnn.png, id=574, 632.3625pt x 360.34625pt>
File: ./images/faster_r_cnn.png Graphic file (type png)
<use ./images/faster_r_cnn.png>
Package pdftex.def Info: ./images/faster_r_cnn.png  used on input line 605.
(pdftex.def)             Requested size: 341.43437pt x 194.56758pt.
 [13 <./images/anchors.png> <./images/faster_r_cnn.png>]
<./images/ssd_feature_maps.png, id=598, 661.47125pt x 346.29375pt>
File: ./images/ssd_feature_maps.png Graphic file (type png)
<use ./images/ssd_feature_maps.png>
Package pdftex.def Info: ./images/ssd_feature_maps.png  used on input line 633.
(pdftex.def)             Requested size: 341.43437pt x 178.74748pt.
<./images/ssd.png, id=601, 997.7275pt x 473.77pt>
File: ./images/ssd.png Graphic file (type png)
<use ./images/ssd.png>
Package pdftex.def Info: ./images/ssd.png  used on input line 641.
(pdftex.def)             Requested size: 341.43437pt x 162.12788pt.
 [14 <./images/ssd_feature_maps.png> <./images/ssd.png>]
<./images/yolov3.png, id=620, 1051.93pt x 719.68875pt>
File: ./images/yolov3.png Graphic file (type png)
<use ./images/yolov3.png>
Package pdftex.def Info: ./images/yolov3.png  used on input line 659.
(pdftex.def)             Requested size: 426.79135pt x 291.99947pt.
 [15 <./images/yolov3.png>] [16] [17]
<./images/val_1.png, id=739, 623.32875pt x 470.75874pt>
File: ./images/val_1.png Graphic file (type png)
<use ./images/val_1.png>
Package pdftex.def Info: ./images/val_1.png  used on input line 788.
(pdftex.def)             Requested size: 170.71393pt x 128.93109pt.
<./images/val_6.png, id=740, 694.595pt x 470.75874pt>
File: ./images/val_6.png Graphic file (type png)
<use ./images/val_6.png>
Package pdftex.def Info: ./images/val_6.png  used on input line 792.
(pdftex.def)             Requested size: 170.71393pt x 115.69965pt.
<./images/val_3.png, id=741, 512.91624pt x 470.75874pt>
File: ./images/val_3.png Graphic file (type png)
<use ./images/val_3.png>
Package pdftex.def Info: ./images/val_3.png  used on input line 797.
(pdftex.def)             Requested size: 170.71393pt x 156.67975pt.
<./images/val_2.png, id=742, 476.78125pt x 470.75874pt>
File: ./images/val_2.png Graphic file (type png)
<use ./images/val_2.png>
Package pdftex.def Info: ./images/val_2.png  used on input line 801.
(pdftex.def)             Requested size: 170.71393pt x 168.56075pt.
<./images/val_5.png, id=743, 712.6625pt x 409.53pt>
File: ./images/val_5.png Graphic file (type png)
<use ./images/val_5.png>
Package pdftex.def Info: ./images/val_5.png  used on input line 806.
(pdftex.def)             Requested size: 170.71393pt x 98.09549pt.
<./images/val_7.png, id=744, 718.685pt x 357.335pt>
File: ./images/val_7.png Graphic file (type png)
<use ./images/val_7.png>
Package pdftex.def Info: ./images/val_7.png  used on input line 810.
(pdftex.def)             Requested size: 170.71393pt x 84.87885pt.
<./images/val_4.png, id=745, 476.78125pt x 470.75874pt>
File: ./images/val_4.png Graphic file (type png)
<use ./images/val_4.png>
Package pdftex.def Info: ./images/val_4.png  used on input line 815.
(pdftex.def)             Requested size: 170.71393pt x 168.56075pt.
<./images/test_1.png, id=760, 622.325pt x 470.75874pt>
File: ./images/test_1.png Graphic file (type png)
<use ./images/test_1.png>
Package pdftex.def Info: ./images/test_1.png  used on input line 826.
(pdftex.def)             Requested size: 341.43437pt x 258.27881pt.
<./images/test_2.png, id=761, 711.65875pt x 412.54124pt>
File: ./images/test_2.png Graphic file (type png)
<use ./images/test_2.png>
Package pdftex.def Info: ./images/test_2.png  used on input line 831.
(pdftex.def)             Requested size: 341.43437pt x 197.92313pt.
 [18] [19 <./images/val_1.png> <./images/val_6.png> <./images/val_3.png> <./images/val_2.png> <./images/val_5.png> <./images/val_7.png> <./images/val_4.png>] [20 <./images/test_1.png> <./images/test_2.png>] [21

]
Overfull \hbox (44.67775pt too wide) in paragraph at lines 882--882
[]\OT1/phv/m/n/10.95 Ian J Good-fel-low et al. ``Gen-er-a-tive ad-ver-sar-ial net-works''. In: \OT1/phv/m/sl/10.95 arXiv preprint arXiv:1406.2661
 []

[22]
Overfull \hbox (2.26387pt too wide) in paragraph at lines 882--882
[]\OT1/phv/m/n/10.95 Frank Rosen-blatt. \OT1/phv/m/sl/10.95 The per-cep-tron, a per-ceiv-ing and rec-og-niz-ing au-toma-ton Project
 []


Overfull \hbox (2.5945pt too wide) in paragraph at lines 882--882
[]\OT1/phv/m/n/10.95 A[]aron Van Den Oord, Sander Diele-man, and Ben-jamin Schrauwen. ``Deep content-
 []

[23] [24] [25]
Overfull \hbox (10.16374pt too wide) in paragraph at lines 882--882
\OT1/phv/m/n/10.95 2019. \OT1/phv/m/sc/10.95 url\OT1/phv/m/n/10.95 : [][]$\OT1/cmtt/m/n/10.95 https : / / towardsdatascience . com / whats -[] the -[] deal -[] with -[] accuracy -[]
 []


Overfull \hbox (4.2667pt too wide) in paragraph at lines 882--882
\OT1/phv/m/n/10.95 deep learn-ing''. In: \OT1/phv/m/sl/10.95 Com-put-ers and Elec-tron-ics in Agri-cul-ture \OT1/phv/m/n/10.95 172 (2020), p. 105339. 
 []


Overfull \hbox (36.22528pt too wide) in paragraph at lines 882--882
[]\OT1/phv/m/n/10.95 University of Malta. \OT1/phv/m/sl/10.95 Phoeni-cian Ship-wreck Project\OT1/phv/m/n/10.95 . \OT1/phv/m/sc/10.95 url\OT1/phv/m/n/10.95 : [][]$\OT1/cmtt/m/n/10.95 https : / / phoenicianshipwreck .
 []


Overfull \hbox (1.42177pt too wide) in paragraph at lines 882--882
[][]$\OT1/cmtt/m/n/10.95 https : / / images . auscape . com . au / objects / scuba -[] diver -[] examining -[] ancient -[]
 []

[26]
Overfull \hbox (46.70459pt too wide) in paragraph at lines 882--882
[]\OT1/phv/m/n/10.95 Gemma Con-roy. \OT1/phv/m/sl/10.95 Sea-grass Safe-guards Hu-man His-tory\OT1/phv/m/n/10.95 . \OT1/phv/m/sc/10.95 url\OT1/phv/m/n/10.95 : [][]$\OT1/cmtt/m/n/10.95 https : / / www . hakaimagazine .
 []

[27]
Overfull \hbox (10.6313pt too wide) in paragraph at lines 882--882
[]\OT1/phv/m/n/10.95 Bastian Leibe, Edgar See-mann, and Bernt Schiele. ``Pedes-trian de-tec-tion in crowded
 []

Package atveryend Info: Empty hook `BeforeClearDocument' on input line 883.
[28]
Package atveryend Info: Empty hook `AfterLastShipout' on input line 883.
 (/Users/tillchen/Google Drive/JUB/thesis/thesis/Tianyao_Chen_bachelor_thesis.aux)
Package atveryend Info: Executing hook `AtVeryEndDocument' on input line 883.
Package atveryend Info: Executing hook `AtEndAfterFileList' on input line 883.
Package rerunfilecheck Info: File `Tianyao_Chen_bachelor_thesis.out' has not changed.
(rerunfilecheck)             Checksum: 31220E8ED74EA4FD6EC2E237AD8816E9;1471.
Package logreq Info: Writing requests to 'Tianyao_Chen_bachelor_thesis.run.xml'.
\openout1 = `Tianyao_Chen_bachelor_thesis.run.xml'.

 ) 
Here is how much of TeX's memory you used:
 15029 strings out of 492649
 261813 string characters out of 6129623
 710161 words of memory out of 5000000
 18485 multiletter control sequences out of 15000+600000
 26507 words of font info for 52 fonts, out of 8000000 for 9000
 1141 hyphenation exceptions out of 8191
 44i,8n,48p,886b,1739s stack positions out of 5000i,500n,10000p,200000b,80000s
{/usr/local/texlive/2018/texmf-dist/fonts/enc/dvips/base/8r.enc}</usr/local/texlive/2018/texmf-dist/fonts/type1/public/amsfonts/cm/cmbx10.pfb></usr/local/texlive/2018/texmf-dist/fonts/type1/public/amsfonts/cm/cmbx8.pfb></usr/local/texlive/2018/texmf-dist/fonts/type1/public/amsfonts/cm/cmex10.pfb></usr/local/texlive/2018/texmf-dist/fonts/type1/public/amsfonts/cm/cmmi10.pfb></usr/local/texlive/2018/texmf-dist/fonts/type1/public/amsfonts/cm/cmmi8.pfb></usr/local/texlive/2018/texmf-dist/fonts/type1/public/amsfonts/cm/cmr10.pfb></usr/local/texlive/2018/texmf-dist/fonts/type1/public/amsfonts/cm/cmr8.pfb></usr/local/texlive/2018/texmf-dist/fonts/type1/public/amsfonts/cm/cmsy10.pfb></usr/local/texlive/2018/texmf-dist/fonts/type1/public/amsfonts/cm/cmtt10.pfb></usr/local/texlive/2018/texmf-dist/fonts/type1/urw/helvetic/uhvb8a.pfb></usr/local/texlive/2018/texmf-dist/fonts/type1/urw/helvetic/uhvr8a.pfb></usr/local/texlive/2018/texmf-dist/fonts/type1/urw/helvetic/uhvro8a.pfb>
Output written on "/Users/tillchen/Google Drive/JUB/thesis/thesis/Tianyao_Chen_bachelor_thesis.pdf" (32 pages, 10245033 bytes).
PDF statistics:
 970 PDF objects out of 1000 (max. 8388607)
 824 compressed objects within 9 object streams
 217 named destinations out of 1000 (max. 500000)
 331 words of extra memory for PDF output out of 10000 (max. 10000000)

